<?xml version="1.0" encoding="UTF-8"?>
<!-- Generated by org.testng.reporters.JUnitXMLReporter -->
<testsuite hostname="LAPTOP-RKT74M46" ignored="0" name="Test" tests="1" failures="0" timestamp="2022-04-06T22:18:27 IST" time="0.097" errors="0">
  <testcase name="@BeforeClass setUpClass" time="0.068" classname="runner.TestRunner">
    <failure type="java.lang.NoSuchMethodError" message="io.cucumber.core.runtime.ThreadLocalRunnerSupplier.&amp;lt;init&amp;gt;(Lio/cucumber/core/runner/Options;Lio/cucumber/core/eventbus/EventBus;Lio/cucumber/core/runtime/BackendSupplier;Lio/cucumber/core/runtime/ObjectFactorySupplier;)V">
      <![CDATA[java.lang.NoSuchMethodError: io.cucumber.core.runtime.ThreadLocalRunnerSupplier.<init>(Lio/cucumber/core/runner/Options;Lio/cucumber/core/eventbus/EventBus;Lio/cucumber/core/runtime/BackendSupplier;Lio/cucumber/core/runtime/ObjectFactorySupplier;)V
at io.cucumber.testng.TestNGCucumberRunner.<init>(TestNGCucumberRunner.java:116)
at io.cucumber.testng.TestNGCucumberRunner.<init>(TestNGCucumberRunner.java:65)
at runner.TestRunner.setUpClass(TestRunner.java:41)
at java.util.ArrayList.forEach(ArrayList.java:1259)
... Removed 25 stack frames]]>
    </failure>
  </testcase> <!-- @BeforeClass setUpClass -->
  <testcase name="@AfterClass tearDownClass" time="0.001" classname="runner.TestRunner">
    <failure type="java.lang.NullPointerException">
      <![CDATA[java.lang.NullPointerException
at runner.TestRunner.tearDownClass(TestRunner.java:56)
at java.util.ArrayList.forEach(ArrayList.java:1259)
... Removed 25 stack frames]]>
    </failure>
  </testcase> <!-- @AfterClass tearDownClass -->
  <testcase name="feature" time="0.0" classname="runner.TestRunner">
    <skipped/>
  </testcase> <!-- feature -->
</testsuite> <!-- Test -->
